<?xml version="1.0" encoding="UTF-8"?>
<testng-results ignored="0" total="1" passed="1" failed="0" skipped="0">
  <reporter-output>
  </reporter-output>
  <suite started-at="2025-03-30T15:17:16 IST" name="Default suite" finished-at="2025-03-30T15:19:06 IST" duration-ms="109729">
    <groups>
    </groups>
    <test started-at="2025-03-30T15:17:16 IST" name="Default test" finished-at="2025-03-30T15:19:06 IST" duration-ms="109729">
      <class name="LUMA.Registration">
        <test-method signature="Registration()[pri:0, instance:LUMA.Registration@2aceadd4]" started-at="2025-03-30T15:17:16 IST" name="Registration" finished-at="2025-03-30T15:19:06 IST" duration-ms="109519" status="PASS">
          <reporter-output>
          </reporter-output>
        </test-method> <!-- Registration -->
      </class> <!-- LUMA.Registration -->
    </test> <!-- Default test -->
  </suite> <!-- Default suite -->
</testng-results>
